        -:    0:Source:dominion.c
        -:    0:Graph:dominion.gcno
        -:    0:Data:dominion.gcda
        -:    0:Runs:8
        -:    0:Programs:8
        -:    1:#include "dominion.h"
        -:    2:#include "dominion_helpers.h"
        -:    3:#include "rngs.h"
        -:    4:#include <stdio.h>
        -:    5:#include <math.h>
        -:    6:#include <stdlib.h>
        -:    7:
function compare called 7500 returned 100% blocks executed 83%
     7500:    8:int compare(const void* a, const void* b) {
     7500:    9:  if (*(int*)a > *(int*)b)
branch  0 taken 0% (fallthrough)
branch  1 taken 100%
    #####:   10:    return 1;
     7500:   11:  if (*(int*)a < *(int*)b)
branch  0 taken 27% (fallthrough)
branch  1 taken 73%
     2000:   12:    return -1;
     5500:   13:  return 0;
        -:   14:}
        -:   15:
function newGame called 0 returned 0% blocks executed 0%
    #####:   16:struct gameState* newGame() {
    #####:   17:  struct gameState* g = malloc(sizeof(struct gameState));
    #####:   18:  return g;
        -:   19:}
        -:   20:
function kingdomCards called 0 returned 0% blocks executed 0%
    #####:   21:int* kingdomCards(int k1, int k2, int k3, int k4, int k5, int k6, int k7,
        -:   22:		  int k8, int k9, int k10) {
    #####:   23:  int* k = malloc(10 * sizeof(int));
    #####:   24:  k[0] = k1;
    #####:   25:  k[1] = k2;
    #####:   26:  k[2] = k3;
    #####:   27:  k[3] = k4;
    #####:   28:  k[4] = k5;
    #####:   29:  k[5] = k6;
    #####:   30:  k[6] = k7;
    #####:   31:  k[7] = k8;
    #####:   32:  k[8] = k9;
    #####:   33:  k[9] = k10;
    #####:   34:  return k;
        -:   35:}
        -:   36:
function initializeGame called 250 returned 100% blocks executed 88%
      250:   37:int initializeGame(int numPlayers, int kingdomCards[10], int randomSeed,
        -:   38:		   struct gameState *state) {
        -:   39:
        -:   40:  int i;
        -:   41:  int j;
        -:   42:  int it;			
        -:   43:  //set up random number generator
      250:   44:  SelectStream(1);
call    0 returned 100%
      250:   45:  PutSeed((long)randomSeed);
call    0 returned 100%
        -:   46:  
        -:   47:  //check number of players
      250:   48:  if (numPlayers > MAX_PLAYERS || numPlayers < 2)
branch  0 taken 100% (fallthrough)
branch  1 taken 0%
branch  2 taken 0% (fallthrough)
branch  3 taken 100%
        -:   49:    {
    #####:   50:      return -1;
        -:   51:    }
        -:   52:
        -:   53:  //set number of players
      250:   54:  state->numPlayers = numPlayers;
        -:   55:
        -:   56:  //check selected kingdom cards are different
     2750:   57:  for (i = 0; i < 10; i++)
branch  0 taken 91%
branch  1 taken 9% (fallthrough)
        -:   58:    {
    27500:   59:      for (j = 0; j < 10; j++)
branch  0 taken 91%
branch  1 taken 9% (fallthrough)
        -:   60:        {
    25000:   61:	  if (j != i && kingdomCards[j] == kingdomCards[i])
branch  0 taken 90% (fallthrough)
branch  1 taken 10%
branch  2 taken 0% (fallthrough)
branch  3 taken 100%
        -:   62:	    {
    #####:   63:	      return -1;
        -:   64:	    }
        -:   65:        }
        -:   66:    }
        -:   67:
        -:   68:
        -:   69:  //initialize supply
        -:   70:  ///////////////////////////////
        -:   71:
        -:   72:  //set number of Curse cards
      250:   73:  if (numPlayers == 2)
branch  0 taken 100% (fallthrough)
branch  1 taken 0%
        -:   74:    {
      250:   75:      state->supplyCount[curse] = 10;
        -:   76:    }
    #####:   77:  else if (numPlayers == 3)
branch  0 never executed
branch  1 never executed
        -:   78:    {
    #####:   79:      state->supplyCount[curse] = 20;
        -:   80:    }
        -:   81:  else
        -:   82:    {
    #####:   83:      state->supplyCount[curse] = 30;
        -:   84:    }
        -:   85:
        -:   86:  //set number of Victory cards
      250:   87:  if (numPlayers == 2)
branch  0 taken 100% (fallthrough)
branch  1 taken 0%
        -:   88:    {
      250:   89:      state->supplyCount[estate] = 8;
      250:   90:      state->supplyCount[duchy] = 8;
      250:   91:      state->supplyCount[province] = 8;
        -:   92:    }
        -:   93:  else
        -:   94:    {
    #####:   95:      state->supplyCount[estate] = 12;
    #####:   96:      state->supplyCount[duchy] = 12;
    #####:   97:      state->supplyCount[province] = 12;
        -:   98:    }
        -:   99:
        -:  100:  //set number of Treasure cards
      250:  101:  state->supplyCount[copper] = 60 - (7 * numPlayers);
      250:  102:  state->supplyCount[silver] = 40;
      250:  103:  state->supplyCount[gold] = 30;
        -:  104:
        -:  105:  //set number of Kingdom cards
     5250:  106:  for (i = adventurer; i <= treasure_map; i++)       	//loop all cards
branch  0 taken 95%
branch  1 taken 5% (fallthrough)
        -:  107:    {
    41250:  108:      for (j = 0; j < 10; j++)           		//loop chosen cards
branch  0 taken 94%
branch  1 taken 6% (fallthrough)
        -:  109:	{
    38750:  110:	  if (kingdomCards[j] == i)
branch  0 taken 6% (fallthrough)
branch  1 taken 94%
        -:  111:	    {
        -:  112:	      //check if card is a 'Victory' Kingdom card
     3000:  113:	      if (kingdomCards[j] == great_hall || kingdomCards[j] == gardens)
branch  0 taken 90% (fallthrough)
branch  1 taken 10%
branch  2 taken 11% (fallthrough)
branch  3 taken 89%
        -:  114:		{
      500:  115:		  if (numPlayers == 2){ 
branch  0 taken 100% (fallthrough)
branch  1 taken 0%
      500:  116:		    state->supplyCount[i] = 8; 
        -:  117:		  }
    #####:  118:		  else{ state->supplyCount[i] = 12; }
        -:  119:		}
        -:  120:	      else
        -:  121:		{
     2000:  122:		  state->supplyCount[i] = 10;
        -:  123:		}
     2500:  124:	      break;
        -:  125:	    }
        -:  126:	  else    //card is not in the set choosen for the game
        -:  127:	    {
    36250:  128:	      state->supplyCount[i] = -1;
        -:  129:	    }
        -:  130:	}
        -:  131:
        -:  132:    }
        -:  133:
        -:  134:  ////////////////////////
        -:  135:  //supply intilization complete
        -:  136:
        -:  137:  //set player decks
      750:  138:  for (i = 0; i < numPlayers; i++)
branch  0 taken 67%
branch  1 taken 33% (fallthrough)
        -:  139:    {
      500:  140:      state->deckCount[i] = 0;
     2000:  141:      for (j = 0; j < 3; j++)
branch  0 taken 75%
branch  1 taken 25% (fallthrough)
        -:  142:	{
     1500:  143:	  state->deck[i][j] = estate;
     1500:  144:	  state->deckCount[i]++;
        -:  145:	}
     4000:  146:      for (j = 3; j < 10; j++)
branch  0 taken 88%
branch  1 taken 13% (fallthrough)
        -:  147:	{
     3500:  148:	  state->deck[i][j] = copper;
     3500:  149:	  state->deckCount[i]++;		
        -:  150:	}
        -:  151:    }
        -:  152:
        -:  153:  //shuffle player decks
      750:  154:  for (i = 0; i < numPlayers; i++)
branch  0 taken 67%
branch  1 taken 33% (fallthrough)
        -:  155:    {
      500:  156:      if ( shuffle(i, state) < 0 )
call    0 returned 100%
branch  1 taken 0% (fallthrough)
branch  2 taken 100%
        -:  157:	{
    #####:  158:	  return -1;
        -:  159:	}
        -:  160:    }
        -:  161:
        -:  162:  //draw player hands
      750:  163:  for (i = 0; i < numPlayers; i++)
branch  0 taken 67%
branch  1 taken 33% (fallthrough)
        -:  164:    {  
        -:  165:      //initialize hand size to zero
      500:  166:      state->handCount[i] = 0;
      500:  167:      state->discardCount[i] = 0;
        -:  168:      //draw 5 cards
        -:  169:      // for (j = 0; j < 5; j++)
        -:  170:      //	{
        -:  171:      //	  drawCard(i, state);
        -:  172:      //	}
        -:  173:    }
        -:  174:  
        -:  175:  //set embargo tokens to 0 for all supply piles
     7000:  176:  for (i = 0; i <= treasure_map; i++)
branch  0 taken 96%
branch  1 taken 4% (fallthrough)
        -:  177:    {
     6750:  178:      state->embargoTokens[i] = 0;
        -:  179:    }
        -:  180:
        -:  181:  //initialize first player's turn
      250:  182:  state->outpostPlayed = 0;
      250:  183:  state->phase = 0;
      250:  184:  state->numActions = 1;
      250:  185:  state->numBuys = 1;
      250:  186:  state->playedCardCount = 0;
      250:  187:  state->whoseTurn = 0;
      250:  188:  state->handCount[state->whoseTurn] = 0;
        -:  189:  //int it; move to top
        -:  190:
        -:  191:  //Moved draw cards to here, only drawing at the start of a turn
     1500:  192:  for (it = 0; it < 5; it++){
branch  0 taken 83%
branch  1 taken 17% (fallthrough)
     1250:  193:    drawCard(state->whoseTurn, state);
call    0 returned 100%
        -:  194:  }
        -:  195:
      250:  196:  updateCoins(state->whoseTurn, state, 0);
call    0 returned 100%
        -:  197:
      250:  198:  return 0;
        -:  199:}
        -:  200:
function shuffle called 530 returned 100% blocks executed 100%
      530:  201:int shuffle(int player, struct gameState *state) {
        -:  202: 
        -:  203:
        -:  204:  int newDeck[MAX_DECK];
      530:  205:  int newDeckPos = 0;
        -:  206:  int card;
        -:  207:  int i;
        -:  208:
      530:  209:  if (state->deckCount[player] < 1)
branch  0 taken 6% (fallthrough)
branch  1 taken 94%
       30:  210:    return -1;
      500:  211:  qsort ((void*)(state->deck[player]), state->deckCount[player], sizeof(int), compare); 
call    0 returned 100%
        -:  212:  /* SORT CARDS IN DECK TO ENSURE DETERMINISM! */
        -:  213:
     6000:  214:  while (state->deckCount[player] > 0) {
branch  0 taken 91%
branch  1 taken 9% (fallthrough)
     5000:  215:    card = floor(Random() * state->deckCount[player]);
call    0 returned 100%
     5000:  216:    newDeck[newDeckPos] = state->deck[player][card];
     5000:  217:    newDeckPos++;
    16500:  218:    for (i = card; i < state->deckCount[player]-1; i++) {
branch  0 taken 70%
branch  1 taken 30% (fallthrough)
    11500:  219:      state->deck[player][i] = state->deck[player][i+1];
        -:  220:    }
     5000:  221:    state->deckCount[player]--;
        -:  222:  }
     5500:  223:  for (i = 0; i < newDeckPos; i++) {
branch  0 taken 91%
branch  1 taken 9% (fallthrough)
     5000:  224:    state->deck[player][i] = newDeck[i];
     5000:  225:    state->deckCount[player]++;
        -:  226:  }
        -:  227:
      500:  228:  return 0;
        -:  229:}
        -:  230:
function playCard called 0 returned 0% blocks executed 0%
    #####:  231:int playCard(int handPos, int choice1, int choice2, int choice3, struct gameState *state) 
        -:  232:{	
        -:  233:  int card;
    #####:  234:  int coin_bonus = 0; 		//tracks coins gain from actions
        -:  235:
        -:  236:  //check if it is the right phase
    #####:  237:  if (state->phase != 0)
branch  0 never executed
branch  1 never executed
        -:  238:    {
    #####:  239:      return -1;
        -:  240:    }
        -:  241:	
        -:  242:  //check if player has enough actions
    #####:  243:  if ( state->numActions < 1 )
branch  0 never executed
branch  1 never executed
        -:  244:    {
    #####:  245:      return -1;
        -:  246:    }
        -:  247:	
        -:  248:  //get card played
    #####:  249:  card = handCard(handPos, state);
call    0 never executed
        -:  250:	
        -:  251:  //check if selected card is an action
    #####:  252:  if ( card < adventurer || card > treasure_map )
branch  0 never executed
branch  1 never executed
branch  2 never executed
branch  3 never executed
        -:  253:    {
    #####:  254:      return -1;
        -:  255:    }
        -:  256:	
        -:  257:  //play card
    #####:  258:  if ( cardEffect(card, choice1, choice2, choice3, state, handPos, &coin_bonus) < 0 )
call    0 never executed
branch  1 never executed
branch  2 never executed
        -:  259:    {
    #####:  260:      return -1;
        -:  261:    }
        -:  262:	
        -:  263:  //reduce number of actions
    #####:  264:  state->numActions--;
        -:  265:
        -:  266:  //update coins (Treasure cards may be added with card draws)
    #####:  267:  updateCoins(state->whoseTurn, state, coin_bonus);
call    0 never executed
        -:  268:	
    #####:  269:  return 0;
        -:  270:}
        -:  271:
function buyCard called 200 returned 100% blocks executed 100%
      200:  272:int buyCard(int supplyPos, struct gameState *state) {
        -:  273:  int who;
      200:  274:  if (DEBUG){
        -:  275:    printf("Entering buyCard...\n");
        -:  276:  }
        -:  277:
        -:  278:  // I don't know what to do about the phase thing.
        -:  279:
      200:  280:  who = state->whoseTurn;
        -:  281:
      200:  282:  if (state->numBuys < 1){
branch  0 taken 84% (fallthrough)
branch  1 taken 16%
      168:  283:    if (DEBUG)
        -:  284:      printf("You do not have any buys left\n");
      168:  285:    return -1;
       32:  286:  } else if (supplyCount(supplyPos, state) <1){
call    0 returned 100%
branch  1 taken 25% (fallthrough)
branch  2 taken 75%
        8:  287:    if (DEBUG)
        -:  288:      printf("There are not any of that type of card left\n");
        8:  289:    return -1;
       24:  290:  } else if (state->coins < getCost(supplyPos)){
call    0 returned 100%
branch  1 taken 58% (fallthrough)
branch  2 taken 42%
       14:  291:    if (DEBUG) 
        -:  292:      printf("You do not have enough money to buy that. You have %d coins.\n", state->coins);
       14:  293:    return -1;
        -:  294:  } else {
       10:  295:    state->phase=1;
        -:  296:    //state->supplyCount[supplyPos]--;
       10:  297:    gainCard(supplyPos, state, 0, who); //card goes in discard, this might be wrong.. (2 means goes into hand, 0 goes into discard)
call    0 returned 100%
        -:  298:  
       10:  299:    state->coins = (state->coins) - (getCost(supplyPos));
call    0 returned 100%
       10:  300:    state->numBuys--;
       10:  301:    if (DEBUG)
        -:  302:      printf("You bought card number %d for %d coins. You now have %d buys and %d coins.\n", supplyPos, getCost(supplyPos), state->numBuys, state->coins);
        -:  303:  }
        -:  304:
        -:  305:  //state->discard[who][state->discardCount[who]] = supplyPos;
        -:  306:  //state->discardCount[who]++;
        -:  307:    
       10:  308:  return 0;
        -:  309:}
        -:  310:
function numHandCards called 0 returned 0% blocks executed 0%
    #####:  311:int numHandCards(struct gameState *state) {
    #####:  312:  return state->handCount[ whoseTurn(state) ];
call    0 never executed
        -:  313:}
        -:  314:
function handCard called 0 returned 0% blocks executed 0%
    #####:  315:int handCard(int handPos, struct gameState *state) {
    #####:  316:  int currentPlayer = whoseTurn(state);
call    0 never executed
    #####:  317:  return state->hand[currentPlayer][handPos];
        -:  318:}
        -:  319:
function supplyCount called 42 returned 100% blocks executed 100%
       42:  320:int supplyCount(int card, struct gameState *state) {
       42:  321:  return state->supplyCount[card];
        -:  322:}
        -:  323:
function fullDeckCount called 0 returned 0% blocks executed 0%
    #####:  324:int fullDeckCount(int player, int card, struct gameState *state) {
        -:  325:  int i;
    #####:  326:  int count = 0;
        -:  327:
    #####:  328:  for (i = 0; i < state->deckCount[player]; i++)
branch  0 never executed
branch  1 never executed
        -:  329:    {
    #####:  330:      if (state->deck[player][i] == card) count++;
branch  0 never executed
branch  1 never executed
        -:  331:    }
        -:  332:
    #####:  333:  for (i = 0; i < state->handCount[player]; i++)
branch  0 never executed
branch  1 never executed
        -:  334:    {
    #####:  335:      if (state->hand[player][i] == card) count++;
branch  0 never executed
branch  1 never executed
        -:  336:    }
        -:  337:
    #####:  338:  for (i = 0; i < state->discardCount[player]; i++)
branch  0 never executed
branch  1 never executed
        -:  339:    {
    #####:  340:      if (state->discard[player][i] == card) count++;
branch  0 never executed
branch  1 never executed
        -:  341:    }
        -:  342:
    #####:  343:  return count;
        -:  344:}
        -:  345:
function whoseTurn called 0 returned 0% blocks executed 0%
    #####:  346:int whoseTurn(struct gameState *state) {
    #####:  347:  return state->whoseTurn;
        -:  348:}
        -:  349:
function endTurn called 0 returned 0% blocks executed 0%
    #####:  350:int endTurn(struct gameState *state) {
        -:  351:  int k;
        -:  352:  int i;
    #####:  353:  int currentPlayer = whoseTurn(state);
call    0 never executed
        -:  354:  
        -:  355:  //Discard hand
    #####:  356:  for (i = 0; i < state->handCount[currentPlayer]; i++){
branch  0 never executed
branch  1 never executed
    #####:  357:    state->discard[currentPlayer][state->discardCount[currentPlayer]++] = state->hand[currentPlayer][i];//Discard
    #####:  358:    state->hand[currentPlayer][i] = -1;//Set card to -1
        -:  359:  }
    #####:  360:  state->handCount[currentPlayer] = 0;//Reset hand count
        -:  361:    
        -:  362:  //Code for determining the player
    #####:  363:  if (currentPlayer < (state->numPlayers - 1)){ 
branch  0 never executed
branch  1 never executed
    #####:  364:    state->whoseTurn = currentPlayer + 1;//Still safe to increment
        -:  365:  }
        -:  366:  else{
    #####:  367:    state->whoseTurn = 0;//Max player has been reached, loop back around to player 1
        -:  368:  }
        -:  369:
    #####:  370:  state->outpostPlayed = 0;
    #####:  371:  state->phase = 0;
    #####:  372:  state->numActions = 1;
    #####:  373:  state->coins = 0;
    #####:  374:  state->numBuys = 1;
    #####:  375:  state->playedCardCount = 0;
    #####:  376:  state->handCount[state->whoseTurn] = 0;
        -:  377:
        -:  378:  //int k; move to top
        -:  379:  //Next player draws hand
    #####:  380:  for (k = 0; k < 5; k++){
branch  0 never executed
branch  1 never executed
    #####:  381:    drawCard(state->whoseTurn, state);//Draw a card
call    0 never executed
        -:  382:  }
        -:  383:
        -:  384:  //Update money
    #####:  385:  updateCoins(state->whoseTurn, state , 0);
call    0 never executed
        -:  386:
    #####:  387:  return 0;
        -:  388:}
        -:  389:
function isGameOver called 100 returned 100% blocks executed 82%
      100:  390:int isGameOver(struct gameState *state) {
        -:  391:  int i;
        -:  392:  int j;
        -:  393:	
        -:  394:  //if stack of Province cards is empty, the game ends
      100:  395:  if (state->supplyCount[province] == 0)
branch  0 taken 8% (fallthrough)
branch  1 taken 92%
        -:  396:    {
        8:  397:      return 1;
        -:  398:    }
        -:  399:
        -:  400:  //if three supply pile are at 0, the game ends
       92:  401:  j = 0;
     2392:  402:  for (i = 0; i < 25; i++)
branch  0 taken 96%
branch  1 taken 4% (fallthrough)
        -:  403:    {
     2300:  404:      if (state->supplyCount[i] == 0)
branch  0 taken 0% (fallthrough)
branch  1 taken 100%
        -:  405:	{
    #####:  406:	  j++;
        -:  407:	}
        -:  408:    }
       92:  409:  if ( j >= 3)
branch  0 taken 0% (fallthrough)
branch  1 taken 100%
        -:  410:    {
    #####:  411:      return 1;
        -:  412:    }
        -:  413:
       92:  414:  return 0;
        -:  415:}
        -:  416:
function scoreFor called 0 returned 0% blocks executed 0%
    #####:  417:int scoreFor (int player, struct gameState *state) {
        -:  418:
        -:  419:  int i;
    #####:  420:  int score = 0;
        -:  421:  //score from hand
    #####:  422:  for (i = 0; i < state->handCount[player]; i++)
branch  0 never executed
branch  1 never executed
        -:  423:    {
    #####:  424:      if (state->hand[player][i] == curse) { score = score - 1; };
branch  0 never executed
branch  1 never executed
    #####:  425:      if (state->hand[player][i] == estate) { score = score + 1; };
branch  0 never executed
branch  1 never executed
    #####:  426:      if (state->hand[player][i] == duchy) { score = score + 3; };
branch  0 never executed
branch  1 never executed
    #####:  427:      if (state->hand[player][i] == province) { score = score + 6; };
branch  0 never executed
branch  1 never executed
    #####:  428:      if (state->hand[player][i] == great_hall) { score = score + 1; };
branch  0 never executed
branch  1 never executed
    #####:  429:      if (state->hand[player][i] == gardens) { score = score + ( fullDeckCount(player, 0, state) / 10 ); };
branch  0 never executed
branch  1 never executed
call    2 never executed
        -:  430:    }
        -:  431:
        -:  432:  //score from discard
    #####:  433:  for (i = 0; i < state->discardCount[player]; i++)
branch  0 never executed
branch  1 never executed
        -:  434:    {
    #####:  435:      if (state->discard[player][i] == curse) { score = score - 1; };
branch  0 never executed
branch  1 never executed
    #####:  436:      if (state->discard[player][i] == estate) { score = score + 1; };
branch  0 never executed
branch  1 never executed
    #####:  437:      if (state->discard[player][i] == duchy) { score = score + 3; };
branch  0 never executed
branch  1 never executed
    #####:  438:      if (state->discard[player][i] == province) { score = score + 6; };
branch  0 never executed
branch  1 never executed
    #####:  439:      if (state->discard[player][i] == great_hall) { score = score + 1; };
branch  0 never executed
branch  1 never executed
    #####:  440:      if (state->discard[player][i] == gardens) { score = score + ( fullDeckCount(player, 0, state) / 10 ); };
branch  0 never executed
branch  1 never executed
call    2 never executed
        -:  441:    }
        -:  442:
        -:  443:  //score from deck
    #####:  444:  for (i = 0; i < state->discardCount[player]; i++)
branch  0 never executed
branch  1 never executed
        -:  445:    {
    #####:  446:      if (state->deck[player][i] == curse) { score = score - 1; };
branch  0 never executed
branch  1 never executed
    #####:  447:      if (state->deck[player][i] == estate) { score = score + 1; };
branch  0 never executed
branch  1 never executed
    #####:  448:      if (state->deck[player][i] == duchy) { score = score + 3; };
branch  0 never executed
branch  1 never executed
    #####:  449:      if (state->deck[player][i] == province) { score = score + 6; };
branch  0 never executed
branch  1 never executed
    #####:  450:      if (state->deck[player][i] == great_hall) { score = score + 1; };
branch  0 never executed
branch  1 never executed
    #####:  451:      if (state->deck[player][i] == gardens) { score = score + ( fullDeckCount(player, 0, state) / 10 ); };
branch  0 never executed
branch  1 never executed
call    2 never executed
        -:  452:    }
        -:  453:
    #####:  454:  return score;
        -:  455:}
        -:  456:
function getWinners called 0 returned 0% blocks executed 0%
    #####:  457:int getWinners(int players[MAX_PLAYERS], struct gameState *state) {
        -:  458:  int i;	
        -:  459:  int j;
        -:  460:  int highScore;
        -:  461:  int currentPlayer;
        -:  462:
        -:  463:  //get score for each player
    #####:  464:  for (i = 0; i < MAX_PLAYERS; i++)
branch  0 never executed
branch  1 never executed
        -:  465:    {
        -:  466:      //set unused player scores to -9999
    #####:  467:      if (i >= state->numPlayers)
branch  0 never executed
branch  1 never executed
        -:  468:	{
    #####:  469:	  players[i] = -9999;
        -:  470:	}
        -:  471:      else
        -:  472:	{
    #####:  473:	  players[i] = scoreFor (i, state);
call    0 never executed
        -:  474:	}
        -:  475:    }
        -:  476:
        -:  477:  //find highest score
    #####:  478:  j = 0;
    #####:  479:  for (i = 0; i < MAX_PLAYERS; i++)
branch  0 never executed
branch  1 never executed
        -:  480:    {
    #####:  481:      if (players[i] > players[j])
branch  0 never executed
branch  1 never executed
        -:  482:	{
    #####:  483:	  j = i;
        -:  484:	}
        -:  485:    }
    #####:  486:  highScore = players[j];
        -:  487:
        -:  488:  //add 1 to players who had less turns
    #####:  489:  currentPlayer = whoseTurn(state);
call    0 never executed
    #####:  490:  for (i = 0; i < MAX_PLAYERS; i++)
branch  0 never executed
branch  1 never executed
        -:  491:    {
    #####:  492:      if ( players[i] == highScore && i > currentPlayer )
branch  0 never executed
branch  1 never executed
branch  2 never executed
branch  3 never executed
        -:  493:	{
    #####:  494:	  players[i]++;
        -:  495:	}
        -:  496:    }
        -:  497:
        -:  498:  //find new highest score
    #####:  499:  j = 0;
    #####:  500:  for (i = 0; i < MAX_PLAYERS; i++)
branch  0 never executed
branch  1 never executed
        -:  501:    {
    #####:  502:      if ( players[i] > players[j] )
branch  0 never executed
branch  1 never executed
        -:  503:	{
    #####:  504:	  j = i;
        -:  505:	}
        -:  506:    }
    #####:  507:  highScore = players[j];
        -:  508:
        -:  509:  //set winners in array to 1 and rest to 0
    #####:  510:  for (i = 0; i < MAX_PLAYERS; i++)
branch  0 never executed
branch  1 never executed
        -:  511:    {
    #####:  512:      if ( players[i] == highScore )
branch  0 never executed
branch  1 never executed
        -:  513:	{
    #####:  514:	  players[i] = 1;
        -:  515:	}
        -:  516:      else
        -:  517:	{
    #####:  518:	  players[i] = 0;
        -:  519:	}
        -:  520:    }
        -:  521:
    #####:  522:  return 0;
        -:  523:}
        -:  524:
function drawCard called 1675 returned 100% blocks executed 86%
     1675:  525:int drawCard(int player, struct gameState *state)
        -:  526:{	int count;
        -:  527:  int deckCounter;
     1675:  528:  if (state->deckCount[player] <= 0){//Deck is empty
branch  0 taken 2% (fallthrough)
branch  1 taken 98%
        -:  529:    
        -:  530:    //Step 1 Shuffle the discard pile back into a deck
        -:  531:    int i;
        -:  532:    //Move discard to deck
       30:  533:    for (i = 0; i < state->discardCount[player];i++){
branch  0 taken 0%
branch  1 taken 100% (fallthrough)
    #####:  534:      state->deck[player][i] = state->discard[player][i];
    #####:  535:      state->discard[player][i] = -1;
        -:  536:    }
        -:  537:
       30:  538:    state->deckCount[player] = state->discardCount[player];
       30:  539:    state->discardCount[player] = 0;//Reset discard
        -:  540:
        -:  541:    //Shufffle the deck
       30:  542:    shuffle(player, state);//Shuffle the deck up and make it so that we can draw
call    0 returned 100%
        -:  543:   
       30:  544:    if (DEBUG){//Debug statements
        -:  545:      printf("Deck count now: %d\n", state->deckCount[player]);
        -:  546:    }
        -:  547:    
       30:  548:    state->discardCount[player] = 0;
        -:  549:
        -:  550:    //Step 2 Draw Card
       30:  551:    count = state->handCount[player];//Get current player's hand count
        -:  552:    
       30:  553:    if (DEBUG){//Debug statements
        -:  554:      printf("Current hand count: %d\n", count);
        -:  555:    }
        -:  556:    
       30:  557:    deckCounter = state->deckCount[player];//Create a holder for the deck count
        -:  558:
       30:  559:    if (deckCounter == 0)
branch  0 taken 100% (fallthrough)
branch  1 taken 0%
       30:  560:      return -1;
        -:  561:
    #####:  562:    state->hand[player][count] = state->deck[player][deckCounter - 1];//Add card to hand
    #####:  563:    state->deckCount[player]--;
    #####:  564:    state->handCount[player]++;//Increment hand count
        -:  565:  }
        -:  566:
        -:  567:  else{
     1645:  568:    int count = state->handCount[player];//Get current hand count for player
        -:  569:    int deckCounter;
     1645:  570:    if (DEBUG){//Debug statements
        -:  571:      printf("Current hand count: %d\n", count);
        -:  572:    }
        -:  573:
     1645:  574:    deckCounter = state->deckCount[player];//Create holder for the deck count
     1645:  575:    state->hand[player][count] = state->deck[player][deckCounter - 1];//Add card to the hand
     1645:  576:    state->deckCount[player]--;
     1645:  577:    state->handCount[player]++;//Increment hand count
        -:  578:  }
        -:  579:
     1645:  580:  return 0;
        -:  581:}
        -:  582:
function getCost called 34 returned 100% blocks executed 50%
       34:  583:int getCost(int cardNumber)
        -:  584:{
       34:  585:  switch( cardNumber ) 
branch  0 taken 6%
branch  1 taken 18%
branch  2 taken 3%
branch  3 taken 9%
branch  4 taken 0%
branch  5 taken 6%
branch  6 taken 0%
branch  7 taken 0%
branch  8 taken 3%
branch  9 taken 0%
branch 10 taken 6%
branch 11 taken 12%
branch 12 taken 3%
branch 13 taken 3%
branch 14 taken 18%
branch 15 taken 3%
branch 16 taken 12%
branch 17 taken 0%
branch 18 taken 0%
branch 19 taken 0%
branch 20 taken 0%
branch 21 taken 0%
branch 22 taken 0%
branch 23 taken 0%
branch 24 taken 0%
branch 25 taken 0%
branch 26 taken 0%
branch 27 taken 0%
        -:  586:    {
        -:  587:    case curse:
        2:  588:      return 0;
        -:  589:    case estate:
        6:  590:      return 2;
        -:  591:    case duchy:
        1:  592:      return 5;
        -:  593:    case province:
        3:  594:      return 8;
        -:  595:    case copper:
    #####:  596:      return 0;
        -:  597:    case silver:
        2:  598:      return 3;
        -:  599:    case gold:
    #####:  600:      return 6;
        -:  601:    case adventurer:
    #####:  602:      return 6;
        -:  603:    case council_room:
        1:  604:      return 5;
        -:  605:    case feast:
    #####:  606:      return 4;
        -:  607:    case gardens:
        2:  608:      return 4;
        -:  609:    case mine:
        4:  610:      return 5;
        -:  611:    case remodel:
        1:  612:      return 4;
        -:  613:    case smithy:
        1:  614:      return 4;
        -:  615:    case village:
        6:  616:      return 3;
        -:  617:    case baron:
        1:  618:      return 4;
        -:  619:    case great_hall:
        4:  620:      return 3;
        -:  621:    case minion:
    #####:  622:      return 5;
        -:  623:    case steward:
    #####:  624:      return 3;
        -:  625:    case tribute:
    #####:  626:      return 5;
        -:  627:    case ambassador:
    #####:  628:      return 3;
        -:  629:    case cutpurse:
    #####:  630:      return 4;
        -:  631:    case embargo: 
    #####:  632:      return 2;
        -:  633:    case outpost:
    #####:  634:      return 5;
        -:  635:    case salvager:
    #####:  636:      return 4;
        -:  637:    case sea_hag:
    #####:  638:      return 4;
        -:  639:    case treasure_map:
    #####:  640:      return 4;
        -:  641:    }
        -:  642:	
    #####:  643:  return -1;
        -:  644:}
        -:  645://
        -:  646://Refactor code
        -:  647://
        -:  648:/* Implement smithy logic*/
function smithyCard called 20 returned 100% blocks executed 100%
       20:  649:void smithyCard(int handPos, int currentPlayer, struct gameState *state)
        -:  650:{
        -:  651:	int i;
        -:  652:  	//+3 Cards
       80:  653:  	for (i = 0; i < 3; i++)
branch  0 taken 75%
branch  1 taken 25% (fallthrough)
        -:  654:	{
       60:  655:	  drawCard(currentPlayer, state);
call    0 returned 100%
        -:  656:	}
        -:  657:			
        -:  658:      //discard card from hand
       20:  659: 	discardCard(handPos, currentPlayer, state, 0);
call    0 returned 100%
       20:  660:}
        -:  661:
        -:  662:/* Implement village logic*/
function villageCard called 20 returned 100% blocks executed 100%
       20:  663:void villageCard(int handPos, int currentPlayer, struct gameState *state)
        -:  664:{
        -:  665:      //+1 Card
       20:  666:      drawCard(currentPlayer, state);
call    0 returned 100%
        -:  667:			
        -:  668:      //+2 Actions
       20:  669:      state->numActions = state->numActions + 2;
        -:  670:			
        -:  671:      //discard played card from hand
       20:  672:      discardCard(handPos, currentPlayer, state, 0); 
call    0 returned 100%
       20:  673:}
        -:  674:
        -:  675:/* Implement adventurer logic*/
function adventurerCard called 20 returned 100% blocks executed 93%
       20:  676:void adventurerCard(int currentPlayer, struct gameState *state)
        -:  677:{
       20:  678:	int drawntreasure=0;
        -:  679: 	int cardDrawn;
        -:  680:  	int temphand[MAX_HAND];
       20:  681:  	int z = 0;// this is the counter for the temp hand
        -:  682: 
       85:  683:	while(drawntreasure<2){
branch  0 taken 69%
branch  1 taken 31% (fallthrough)
       45:  684:		if (state->deckCount[currentPlayer] <1){//if the deck is empty we need to shuffle discard and add to deck
branch  0 taken 0% (fallthrough)
branch  1 taken 100%
    #####:  685:	  		shuffle(currentPlayer, state);
call    0 never executed
        -:  686:		}	
        -:  687:
       45:  688:		drawCard(currentPlayer, state);
call    0 returned 100%
       45:  689:		cardDrawn = state->hand[currentPlayer][state->handCount[currentPlayer]-1];//top card of hand is most recently drawn card.
       85:  690:		if (cardDrawn == copper || cardDrawn == silver || cardDrawn == gold)
branch  0 taken 11% (fallthrough)
branch  1 taken 89%
branch  2 taken 100% (fallthrough)
branch  3 taken 0%
branch  4 taken 0% (fallthrough)
branch  5 taken 100%
       40:  691:	  		drawntreasure++;
        -:  692:		else{
        5:  693:	  		temphand[z]=cardDrawn;
        5:  694:	  		state->handCount[currentPlayer]--; //this should just remove the top card (the most recently drawn one).
        5:  695:	  		z++;
        -:  696:		}
        -:  697:	}
       45:  698:	while(z-1>=0){
branch  0 taken 20%
branch  1 taken 80% (fallthrough)
        5:  699:		state->discard[currentPlayer][state->discardCount[currentPlayer]++]=temphand[z-1]; // discard all cards in play that have been drawn
        5:  700:		z=z-1;
        -:  701:	}
       20:  702:}
        -:  703:
        -:  704:/* Implement council room logic*/
function councilRoomCard called 20 returned 100% blocks executed 100%
       20:  705:void councilRoomCard(int handPos, int currentPlayer, struct gameState *state)
        -:  706:{
        -:  707:	int i;
        -:  708:    //+4 Cards
      100:  709:	for (i = 0; i < 4; i++)
branch  0 taken 80%
branch  1 taken 20% (fallthrough)
        -:  710:	{
       80:  711:	  drawCard(currentPlayer, state);
call    0 returned 100%
        -:  712:	}
        -:  713:			
        -:  714:    //+1 Buy
       20:  715:    state->numBuys++;
        -:  716:			
        -:  717:      //Each other player draws a card
       60:  718:    for (i = 0; i < state->numPlayers; i++)
branch  0 taken 67%
branch  1 taken 33% (fallthrough)
        -:  719:	{
       40:  720:	  if ( i != currentPlayer )
branch  0 taken 50% (fallthrough)
branch  1 taken 50%
        -:  721:	    {
       20:  722:	      drawCard(i, state);
call    0 returned 100%
        -:  723:	    }
        -:  724:	}
        -:  725:			
        -:  726:    //put played card in played card pile
       20:  727:    discardCard(handPos, currentPlayer, state, 0);
call    0 returned 100%
       20:  728:}
        -:  729:
        -:  730:/* Implement feast logic*/
function feastCard called 0 returned 0% blocks executed 0%
    #####:  731:void feastCard(int choice1, int handPos, int currentPlayer, struct gameState *state)
        -:  732:{
        -:  733:	int i;
        -:  734:   	int temphand[MAX_HAND]; 
        -:  735:	//gain card with cost up to 5
        -:  736:    //Backup hand
    #####:  737:    for (i = 0; i <= state->handCount[currentPlayer]; i++)
branch  0 never executed
branch  1 never executed
        -:  738:	{
    #####:  739:		temphand[i] = state->hand[currentPlayer][i];//Backup card
    #####:  740:		state->hand[currentPlayer][i] = -1;//Set to nothing
        -:  741:    }
        -:  742:	//Backup hand
        -:  743:      
        -:  744:	//Update Coins for Buy
    #####:  745:    updateCoins(currentPlayer, state, 5);
call    0 never executed
    #####:  746:    int x = 1;//Condition to loop on
    #####:  747:    while( x == 1) {//Buy one card
branch  0 never executed
branch  1 never executed
    #####:  748:		if (supplyCount(choice1, state) <= 0){
call    0 never executed
branch  1 never executed
branch  2 never executed
    #####:  749:	  		if (DEBUG)
        -:  750:	   			 printf("None of that card left, sorry!\n");
    #####:  751:	  		if (DEBUG){
        -:  752:	    		printf("Cards Left: %d\n", supplyCount(choice1, state));
        -:  753:	  		}
        -:  754:		}
    #####:  755:		else if (state->coins < getCost(choice1)){
call    0 never executed
branch  1 never executed
branch  2 never executed
    #####:  756:	  		printf("That card is too expensive!\n");
call    0 never executed
    #####:  757:			if (DEBUG){
        -:  758:	    		printf("Coins: %d < %d\n", state->coins, getCost(choice1));
        -:  759:	  		}
        -:  760:		}
        -:  761:		else
        -:  762:		{
    #####:  763:	  		if (DEBUG){
        -:  764:	    		printf("Deck Count: %d\n", state->handCount[currentPlayer] + state->deckCount[currentPlayer] + state->discardCount[currentPlayer]);
        -:  765:	  		}
    #####:  766:	  		gainCard(choice1, state, 0, currentPlayer);//Gain the card
call    0 never executed
    #####:  767:	  		x = 0;//No more buying cards
    #####:  768:	  		if (DEBUG){
        -:  769:	    		printf("Deck Count: %d\n", state->handCount[currentPlayer] + state->deckCount[currentPlayer] + state->discardCount[currentPlayer]);
        -:  770:	  		}
        -:  771:		}
        -:  772:	}     
        -:  773:
        -:  774:   	//Reset Hand
    #####:  775:    for (i = 0; i <= state->handCount[currentPlayer]; i++){
branch  0 never executed
branch  1 never executed
    #####:  776:		state->hand[currentPlayer][i] = temphand[i];
    #####:  777:		temphand[i] = -1;
        -:  778:   	}
        -:  779:   	//Reset Hand      		
    #####:  780:}
        -:  781:
function cardEffect called 0 returned 0% blocks executed 0%
    #####:  782:int cardEffect(int card, int choice1, int choice2, int choice3, struct gameState *state, int handPos, int *bonus)
        -:  783:{
        -:  784:  int i;
        -:  785:  int j;
        -:  786:  int k;
        -:  787:  int index;
    #####:  788:  int currentPlayer = whoseTurn(state);
call    0 never executed
    #####:  789:  int nextPlayer = currentPlayer + 1;
        -:  790:
    #####:  791:  int tributeRevealedCards[2] = {-1, -1};
    #####:  792:  if (nextPlayer > (state->numPlayers - 1)){
branch  0 never executed
branch  1 never executed
    #####:  793:    nextPlayer = 0;
        -:  794:  }
        -:  795:  
        -:  796:	
        -:  797:  //uses switch to select card and perform actions
    #####:  798:  switch( card ) 
branch  0 never executed
branch  1 never executed
branch  2 never executed
branch  3 never executed
branch  4 never executed
branch  5 never executed
branch  6 never executed
branch  7 never executed
branch  8 never executed
branch  9 never executed
branch 10 never executed
branch 11 never executed
branch 12 never executed
branch 13 never executed
branch 14 never executed
branch 15 never executed
branch 16 never executed
branch 17 never executed
branch 18 never executed
branch 19 never executed
branch 20 never executed
        -:  799:    {
        -:  800:    case adventurer:
    #####:  801: 		adventurerCard(currentPlayer, state);
call    0 never executed
    #####:  802:		return 0;
        -:  803:			
        -:  804:    case council_room:
    #####:  805:		councilRoomCard(handPos, currentPlayer, state);
call    0 never executed
    #####:  806:      	return 0;
        -:  807:			
        -:  808:    case feast:
    #####:  809:		feastCard(choice1, handPos, currentPlayer, state);
call    0 never executed
    #####:  810:      	return 0;
        -:  811:			
        -:  812:    case gardens:
    #####:  813:      return -1;
        -:  814:			
        -:  815:    case mine:
    #####:  816:      j = state->hand[currentPlayer][choice1];  //store card we will trash
        -:  817:
    #####:  818:      if (state->hand[currentPlayer][choice1] < copper || state->hand[currentPlayer][choice1] > gold)
branch  0 never executed
branch  1 never executed
branch  2 never executed
branch  3 never executed
        -:  819:	{
    #####:  820:	  return -1;
        -:  821:	}
        -:  822:		
    #####:  823:      if (choice2 > treasure_map || choice2 < curse)
branch  0 never executed
branch  1 never executed
branch  2 never executed
branch  3 never executed
        -:  824:	{
    #####:  825:	  return -1;
        -:  826:	}
        -:  827:
    #####:  828:      if ( (getCost(state->hand[currentPlayer][choice1]) + 3) > getCost(choice2) )
call    0 never executed
call    1 never executed
branch  2 never executed
branch  3 never executed
        -:  829:	{
    #####:  830:	  return -1;
        -:  831:	}
        -:  832:
    #####:  833:      gainCard(choice2, state, 2, currentPlayer);
call    0 never executed
        -:  834:
        -:  835:      //discard card from hand
    #####:  836:      discardCard(handPos, currentPlayer, state, 0);
call    0 never executed
        -:  837:
        -:  838:      //discard trashed card
    #####:  839:      for (i = 0; i < state->handCount[currentPlayer]; i++)
branch  0 never executed
branch  1 never executed
        -:  840:	{
    #####:  841:	  if (state->hand[currentPlayer][i] == j)
branch  0 never executed
branch  1 never executed
        -:  842:	    {
    #####:  843:	      discardCard(i, currentPlayer, state, 0);			
call    0 never executed
    #####:  844:	      break;
        -:  845:	    }
        -:  846:	}
        -:  847:			
    #####:  848:      return 0;
        -:  849:			
        -:  850:    case remodel:
    #####:  851:      j = state->hand[currentPlayer][choice1];  //store card we will trash
        -:  852:
    #####:  853:      if ( (getCost(state->hand[currentPlayer][choice1]) + 2) > getCost(choice2) )
call    0 never executed
call    1 never executed
branch  2 never executed
branch  3 never executed
        -:  854:	{
    #####:  855:	  return -1;
        -:  856:	}
        -:  857:
    #####:  858:      gainCard(choice2, state, 0, currentPlayer);
call    0 never executed
        -:  859:
        -:  860:      //discard card from hand
    #####:  861:      discardCard(handPos, currentPlayer, state, 0);
call    0 never executed
        -:  862:
        -:  863:      //discard trashed card
    #####:  864:      for (i = 0; i < state->handCount[currentPlayer]; i++)
branch  0 never executed
branch  1 never executed
        -:  865:	{
    #####:  866:	  if (state->hand[currentPlayer][i] == j)
branch  0 never executed
branch  1 never executed
        -:  867:	    {
    #####:  868:	      discardCard(i, currentPlayer, state, 0);			
call    0 never executed
    #####:  869:	      break;
        -:  870:	    }
        -:  871:	}
        -:  872:
        -:  873:
    #####:  874:      return 0;
        -:  875:		
        -:  876:    case smithy:
    #####:  877:       	smithyCard(handPos, currentPlayer, state);	
call    0 never executed
    #####:  878:     	return 0;
        -:  879:
        -:  880:    case village:
    #####:  881:		villageCard(handPos, currentPlayer, state);
call    0 never executed
    #####:  882:      	return 0;
        -:  883:		
        -:  884:    case baron:
    #####:  885:      state->numBuys++;//Increase buys by 1!
    #####:  886:      if (choice1 > 0){//Boolean true or going to discard an estate
branch  0 never executed
branch  1 never executed
    #####:  887:	int p = 0;//Iterator for hand!
    #####:  888:	int card_not_discarded = 1;//Flag for discard set!
    #####:  889:	while(card_not_discarded){
branch  0 never executed
branch  1 never executed
    #####:  890:	  if (state->hand[currentPlayer][p] == estate){//Found an estate card!
branch  0 never executed
branch  1 never executed
    #####:  891:	    state->coins += 4;//Add 4 coins to the amount of coins
    #####:  892:	    state->discard[currentPlayer][state->discardCount[currentPlayer]] = state->hand[currentPlayer][p];
    #####:  893:	    state->discardCount[currentPlayer]++;
    #####:  894:	    for (;p < state->handCount[currentPlayer]; p++){
branch  0 never executed
branch  1 never executed
    #####:  895:	      state->hand[currentPlayer][p] = state->hand[currentPlayer][p+1];
        -:  896:	    }
    #####:  897:	    state->hand[currentPlayer][state->handCount[currentPlayer]] = -1;
    #####:  898:	    state->handCount[currentPlayer]--;
    #####:  899:	    card_not_discarded = 0;//Exit the loop
        -:  900:	  }
    #####:  901:	  else if (p > state->handCount[currentPlayer]){
branch  0 never executed
branch  1 never executed
    #####:  902:	    if(DEBUG) {
        -:  903:	      printf("No estate cards in your hand, invalid choice\n");
        -:  904:	      printf("Must gain an estate if there are any\n");
        -:  905:	    }
    #####:  906:	    if (supplyCount(estate, state) > 0){
call    0 never executed
branch  1 never executed
branch  2 never executed
    #####:  907:	      gainCard(estate, state, 0, currentPlayer);
call    0 never executed
    #####:  908:	      state->supplyCount[estate]--;//Decrement estates
    #####:  909:	      if (supplyCount(estate, state) == 0){
call    0 never executed
branch  1 never executed
branch  2 never executed
    #####:  910:		isGameOver(state);
call    0 never executed
        -:  911:	      }
        -:  912:	    }
    #####:  913:	    card_not_discarded = 0;//Exit the loop
        -:  914:	  }
        -:  915:			    
        -:  916:	  else{
    #####:  917:	    p++;//Next card
        -:  918:	  }
        -:  919:	}
        -:  920:      }
        -:  921:			    
        -:  922:      else{
    #####:  923:	if (supplyCount(estate, state) > 0){
call    0 never executed
branch  1 never executed
branch  2 never executed
    #####:  924:	  gainCard(estate, state, 0, currentPlayer);//Gain an estate
call    0 never executed
    #####:  925:	  state->supplyCount[estate]--;//Decrement Estates
    #####:  926:	  if (supplyCount(estate, state) == 0){
call    0 never executed
branch  1 never executed
branch  2 never executed
    #####:  927:	    isGameOver(state);
call    0 never executed
        -:  928:	  }
        -:  929:	}
        -:  930:      }
        -:  931:	    
        -:  932:      
    #####:  933:      return 0;
        -:  934:		
        -:  935:    case great_hall:
        -:  936:      //+1 Card
    #####:  937:      drawCard(currentPlayer, state);
call    0 never executed
        -:  938:			
        -:  939:      //+1 Actions
    #####:  940:      state->numActions++;
        -:  941:			
        -:  942:      //discard card from hand
    #####:  943:      discardCard(handPos, currentPlayer, state, 0);
call    0 never executed
    #####:  944:      return 0;
        -:  945:		
        -:  946:    case minion:
        -:  947:      //+1 action
    #####:  948:      state->numActions++;
        -:  949:			
        -:  950:      //discard card from hand
    #####:  951:      discardCard(handPos, currentPlayer, state, 0);
call    0 never executed
        -:  952:			
    #####:  953:      if (choice1)		//+2 coins
branch  0 never executed
branch  1 never executed
        -:  954:	{
    #####:  955:	  state->coins = state->coins + 2;
        -:  956:	}
        -:  957:			
    #####:  958:      else if (choice2)		//discard hand, redraw 4, other players with 5+ cards discard hand and draw 4
branch  0 never executed
branch  1 never executed
        -:  959:	{
        -:  960:	  //discard hand
    #####:  961:	  while(numHandCards(state) > 0)
call    0 never executed
branch  1 never executed
branch  2 never executed
        -:  962:	    {
    #####:  963:	      discardCard(handPos, currentPlayer, state, 0);
call    0 never executed
        -:  964:	    }
        -:  965:				
        -:  966:	  //draw 4
    #####:  967:	  for (i = 0; i < 4; i++)
branch  0 never executed
branch  1 never executed
        -:  968:	    {
    #####:  969:	      drawCard(currentPlayer, state);
call    0 never executed
        -:  970:	    }
        -:  971:				
        -:  972:	  //other players discard hand and redraw if hand size > 4
    #####:  973:	  for (i = 0; i < state->numPlayers; i++)
branch  0 never executed
branch  1 never executed
        -:  974:	    {
    #####:  975:	      if (i != currentPlayer)
branch  0 never executed
branch  1 never executed
        -:  976:		{
    #####:  977:		  if ( state->handCount[i] > 4 )
branch  0 never executed
branch  1 never executed
        -:  978:		    {
        -:  979:		      //discard hand
    #####:  980:		      while( state->handCount[i] > 0 )
branch  0 never executed
branch  1 never executed
        -:  981:			{
    #####:  982:			  discardCard(handPos, i, state, 0);
call    0 never executed
        -:  983:			}
        -:  984:							
        -:  985:		      //draw 4
    #####:  986:		      for (j = 0; j < 4; j++)
branch  0 never executed
branch  1 never executed
        -:  987:			{
    #####:  988:			  drawCard(i, state);
call    0 never executed
        -:  989:			}
        -:  990:		    }
        -:  991:		}
        -:  992:	    }
        -:  993:				
        -:  994:	}
    #####:  995:      return 0;
        -:  996:		
        -:  997:    case steward:
    #####:  998:      if (choice1 == 1)
branch  0 never executed
branch  1 never executed
        -:  999:	{
        -: 1000:	  //+2 cards
    #####: 1001:	  drawCard(currentPlayer, state);
call    0 never executed
    #####: 1002:	  drawCard(currentPlayer, state);
call    0 never executed
        -: 1003:	}
    #####: 1004:      else if (choice1 == 2)
branch  0 never executed
branch  1 never executed
        -: 1005:	{
        -: 1006:	  //+2 coins
    #####: 1007:	  state->coins = state->coins + 2;
        -: 1008:	}
        -: 1009:      else
        -: 1010:	{
        -: 1011:	  //trash 2 cards in hand
    #####: 1012:	  discardCard(choice2, currentPlayer, state, 1);
call    0 never executed
    #####: 1013:	  discardCard(choice3, currentPlayer, state, 1);
call    0 never executed
        -: 1014:	}
        -: 1015:			
        -: 1016:      //discard card from hand
    #####: 1017:      discardCard(handPos, currentPlayer, state, 0);
call    0 never executed
    #####: 1018:      return 0;
        -: 1019:		
        -: 1020:    case tribute:
    #####: 1021:      if ((state->discardCount[nextPlayer] + state->deckCount[nextPlayer]) <= 1){
branch  0 never executed
branch  1 never executed
    #####: 1022:	if (state->deckCount[nextPlayer] > 0){
branch  0 never executed
branch  1 never executed
    #####: 1023:	  tributeRevealedCards[0] = state->deck[nextPlayer][state->deckCount[nextPlayer]-1];
    #####: 1024:	  state->deckCount[nextPlayer]--;
        -: 1025:	}
    #####: 1026:	else if (state->discardCount[nextPlayer] > 0){
branch  0 never executed
branch  1 never executed
    #####: 1027:	  tributeRevealedCards[0] = state->discard[nextPlayer][state->discardCount[nextPlayer]-1];
    #####: 1028:	  state->discardCount[nextPlayer]--;
        -: 1029:	}
        -: 1030:	else{
        -: 1031:	  //No Card to Reveal
    #####: 1032:	  if (DEBUG){
        -: 1033:	    printf("No cards to reveal\n");
        -: 1034:	  }
        -: 1035:	}
        -: 1036:      }
        -: 1037:	    
        -: 1038:      else{
    #####: 1039:	if (state->deckCount[nextPlayer] == 0){
branch  0 never executed
branch  1 never executed
    #####: 1040:	  for (i = 0; i < state->discardCount[nextPlayer]; i++){
branch  0 never executed
branch  1 never executed
    #####: 1041:	    state->deck[nextPlayer][i] = state->discard[nextPlayer][i];//Move to deck
    #####: 1042:	    state->deckCount[nextPlayer]++;
    #####: 1043:	    state->discard[nextPlayer][i] = -1;
    #####: 1044:	    state->discardCount[nextPlayer]--;
        -: 1045:	  }
        -: 1046:			    
    #####: 1047:	  shuffle(nextPlayer,state);//Shuffle the deck
call    0 never executed
        -: 1048:	} 
    #####: 1049:	tributeRevealedCards[0] = state->deck[nextPlayer][state->deckCount[nextPlayer]-1];
    #####: 1050:	state->deck[nextPlayer][state->deckCount[nextPlayer]--] = -1;
    #####: 1051:	state->deckCount[nextPlayer]--;
    #####: 1052:	tributeRevealedCards[1] = state->deck[nextPlayer][state->deckCount[nextPlayer]-1];
    #####: 1053:	state->deck[nextPlayer][state->deckCount[nextPlayer]--] = -1;
    #####: 1054:	state->deckCount[nextPlayer]--;
        -: 1055:      }    
        -: 1056:		       
    #####: 1057:      if (tributeRevealedCards[0] == tributeRevealedCards[1]){//If we have a duplicate card, just drop one 
branch  0 never executed
branch  1 never executed
    #####: 1058:	state->playedCards[state->playedCardCount] = tributeRevealedCards[1];
    #####: 1059:	state->playedCardCount++;
    #####: 1060:	tributeRevealedCards[1] = -1;
        -: 1061:      }
        -: 1062:
    #####: 1063:      for (i = 0; i <= 2; i ++){
branch  0 never executed
branch  1 never executed
    #####: 1064:	if (tributeRevealedCards[i] == copper || tributeRevealedCards[i] == silver || tributeRevealedCards[i] == gold){//Treasure cards
branch  0 never executed
branch  1 never executed
branch  2 never executed
branch  3 never executed
branch  4 never executed
branch  5 never executed
    #####: 1065:	  state->coins += 2;
        -: 1066:	}
        -: 1067:		    
    #####: 1068:	else if (tributeRevealedCards[i] == estate || tributeRevealedCards[i] == duchy || tributeRevealedCards[i] == province || tributeRevealedCards[i] == gardens || tributeRevealedCards[i] == great_hall){//Victory Card Found
branch  0 never executed
branch  1 never executed
branch  2 never executed
branch  3 never executed
branch  4 never executed
branch  5 never executed
branch  6 never executed
branch  7 never executed
branch  8 never executed
branch  9 never executed
    #####: 1069:	  drawCard(currentPlayer, state);
call    0 never executed
    #####: 1070:	  drawCard(currentPlayer, state);
call    0 never executed
        -: 1071:	}
        -: 1072:	else{//Action Card
    #####: 1073:	  state->numActions = state->numActions + 2;
        -: 1074:	}
        -: 1075:      }
        -: 1076:	    
    #####: 1077:      return 0;
        -: 1078:		
        -: 1079:    case ambassador:
    #####: 1080:      j = 0;		//used to check if player has enough cards to discard
        -: 1081:
    #####: 1082:      if (choice2 > 2 || choice2 < 0)
branch  0 never executed
branch  1 never executed
branch  2 never executed
branch  3 never executed
        -: 1083:	{
    #####: 1084:	  return -1;				
        -: 1085:	}
        -: 1086:
    #####: 1087:      if (choice1 == handPos)
branch  0 never executed
branch  1 never executed
        -: 1088:	{
    #####: 1089:	  return -1;
        -: 1090:	}
        -: 1091:
    #####: 1092:      for (i = 0; i < state->handCount[currentPlayer]; i++)
branch  0 never executed
branch  1 never executed
        -: 1093:	{
    #####: 1094:	  if (i != handPos && i == state->hand[currentPlayer][choice1] && i != choice1)
branch  0 never executed
branch  1 never executed
branch  2 never executed
branch  3 never executed
branch  4 never executed
branch  5 never executed
        -: 1095:	    {
    #####: 1096:	      j++;
        -: 1097:	    }
        -: 1098:	}
    #####: 1099:      if (j < choice2)
branch  0 never executed
branch  1 never executed
        -: 1100:	{
    #####: 1101:	  return -1;				
        -: 1102:	}
        -: 1103:
    #####: 1104:      if (DEBUG) 
        -: 1105:	printf("Player %d reveals card number: %d\n", currentPlayer, state->hand[currentPlayer][choice1]);
        -: 1106:
        -: 1107:      //increase supply count for choosen card by amount being discarded
    #####: 1108:      state->supplyCount[state->hand[currentPlayer][choice1]] += choice2;
        -: 1109:			
        -: 1110:      //each other player gains a copy of revealed card
    #####: 1111:      for (i = 0; i < state->numPlayers; i++)
branch  0 never executed
branch  1 never executed
        -: 1112:	{
    #####: 1113:	  if (i != currentPlayer)
branch  0 never executed
branch  1 never executed
        -: 1114:	    {
    #####: 1115:	      gainCard(state->hand[currentPlayer][choice1], state, 0, i);
call    0 never executed
        -: 1116:	    }
        -: 1117:	}
        -: 1118:
        -: 1119:      //discard played card from hand
    #####: 1120:      discardCard(handPos, currentPlayer, state, 0);			
call    0 never executed
        -: 1121:
        -: 1122:      //trash copies of cards returned to supply
    #####: 1123:      for (j = 0; j < choice2; j++)
branch  0 never executed
branch  1 never executed
        -: 1124:	{
    #####: 1125:	  for (i = 0; i < state->handCount[currentPlayer]; i++)
branch  0 never executed
branch  1 never executed
        -: 1126:	    {
    #####: 1127:	      if (state->hand[currentPlayer][i] == state->hand[currentPlayer][choice1])
branch  0 never executed
branch  1 never executed
        -: 1128:		{
    #####: 1129:		  discardCard(i, currentPlayer, state, 1);
call    0 never executed
    #####: 1130:		  break;
        -: 1131:		}
        -: 1132:	    }
        -: 1133:	}			
        -: 1134:
    #####: 1135:      return 0;
        -: 1136:		
        -: 1137:    case cutpurse:
        -: 1138:
    #####: 1139:      updateCoins(currentPlayer, state, 2);
call    0 never executed
    #####: 1140:      for (i = 0; i < state->numPlayers; i++)
branch  0 never executed
branch  1 never executed
        -: 1141:	{
    #####: 1142:	  if (i != currentPlayer)
branch  0 never executed
branch  1 never executed
        -: 1143:	    {
    #####: 1144:	      for (j = 0; j < state->handCount[i]; j++)
branch  0 never executed
branch  1 never executed
        -: 1145:		{
    #####: 1146:		  if (state->hand[i][j] == copper)
branch  0 never executed
branch  1 never executed
        -: 1147:		    {
    #####: 1148:		      discardCard(j, i, state, 0);
call    0 never executed
    #####: 1149:		      break;
        -: 1150:		    }
    #####: 1151:		  if (j == state->handCount[i])
branch  0 never executed
branch  1 never executed
        -: 1152:		    {
    #####: 1153:		      for (k = 0; k < state->handCount[i]; k++)
branch  0 never executed
branch  1 never executed
        -: 1154:			{
    #####: 1155:			  if (DEBUG)
        -: 1156:			    printf("Player %d reveals card number %d\n", i, state->hand[i][k]);
        -: 1157:			}	
    #####: 1158:		      break;
        -: 1159:		    }		
        -: 1160:		}
        -: 1161:					
        -: 1162:	    }
        -: 1163:				
        -: 1164:	}				
        -: 1165:
        -: 1166:      //discard played card from hand
    #####: 1167:      discardCard(handPos, currentPlayer, state, 0);			
call    0 never executed
        -: 1168:
    #####: 1169:      return 0;
        -: 1170:
        -: 1171:		
        -: 1172:    case embargo: 
        -: 1173:      //+2 Coins
    #####: 1174:      state->coins = state->coins + 2;
        -: 1175:			
        -: 1176:      //see if selected pile is in play
    #####: 1177:      if ( state->supplyCount[choice1] == -1 )
branch  0 never executed
branch  1 never executed
        -: 1178:	{
    #####: 1179:	  return -1;
        -: 1180:	}
        -: 1181:			
        -: 1182:      //add embargo token to selected supply pile
    #####: 1183:      state->embargoTokens[choice1]++;
        -: 1184:			
        -: 1185:      //trash card
    #####: 1186:      discardCard(handPos, currentPlayer, state, 1);		
call    0 never executed
    #####: 1187:      return 0;
        -: 1188:		
        -: 1189:    case outpost:
        -: 1190:      //set outpost flag
    #####: 1191:      state->outpostPlayed++;
        -: 1192:			
        -: 1193:      //discard card
    #####: 1194:      discardCard(handPos, currentPlayer, state, 0);
call    0 never executed
    #####: 1195:      return 0;
        -: 1196:		
        -: 1197:    case salvager:
        -: 1198:      //+1 buy
    #####: 1199:      state->numBuys++;
        -: 1200:			
    #####: 1201:      if (choice1)
branch  0 never executed
branch  1 never executed
        -: 1202:	{
        -: 1203:	  //gain coins equal to trashed card
    #####: 1204:	  state->coins = state->coins + getCost( handCard(choice1, state) );
call    0 never executed
call    1 never executed
        -: 1205:	  //trash card
    #####: 1206:	  discardCard(choice1, currentPlayer, state, 1);	
call    0 never executed
        -: 1207:	}
        -: 1208:			
        -: 1209:      //discard card
    #####: 1210:      discardCard(handPos, currentPlayer, state, 0);
call    0 never executed
    #####: 1211:      return 0;
        -: 1212:		
        -: 1213:    case sea_hag:
    #####: 1214:      for (i = 0; i < state->numPlayers; i++){
branch  0 never executed
branch  1 never executed
    #####: 1215:	if (i != currentPlayer){
branch  0 never executed
branch  1 never executed
    #####: 1216:	  state->discard[i][state->discardCount[i]] = state->deck[i][state->deckCount[i]--];			    state->deckCount[i]--;
    #####: 1217:	  state->discardCount[i]++;
    #####: 1218:	  state->deck[i][state->deckCount[i]--] = curse;//Top card now a curse
        -: 1219:	}
        -: 1220:      }
    #####: 1221:      return 0;
        -: 1222:		
        -: 1223:    case treasure_map:
        -: 1224:      //search hand for another treasure_map
    #####: 1225:      index = -1;
    #####: 1226:      for (i = 0; i < state->handCount[currentPlayer]; i++)
branch  0 never executed
branch  1 never executed
        -: 1227:	{
    #####: 1228:	  if (state->hand[currentPlayer][i] == treasure_map && i != handPos)
branch  0 never executed
branch  1 never executed
branch  2 never executed
branch  3 never executed
        -: 1229:	    {
    #####: 1230:	      index = i;
    #####: 1231:	      break;
        -: 1232:	    }
        -: 1233:	}
    #####: 1234:      if (index > -1)
branch  0 never executed
branch  1 never executed
        -: 1235:	{
        -: 1236:	  //trash both treasure cards
    #####: 1237:	  discardCard(handPos, currentPlayer, state, 1);
call    0 never executed
    #####: 1238:	  discardCard(index, currentPlayer, state, 1);
call    0 never executed
        -: 1239:
        -: 1240:	  //gain 4 Gold cards
    #####: 1241:	  for (i = 0; i < 4; i++)
branch  0 never executed
branch  1 never executed
        -: 1242:	    {
    #####: 1243:	      gainCard(gold, state, 1, currentPlayer);
call    0 never executed
        -: 1244:	    }
        -: 1245:				
        -: 1246:	  //return success
    #####: 1247:	  return 1;
        -: 1248:	}
        -: 1249:			
        -: 1250:      //no second treasure_map found in hand
    #####: 1251:      return -1;
        -: 1252:    }
        -: 1253:	
    #####: 1254:  return -1;
        -: 1255:}
        -: 1256:
function discardCard called 60 returned 100% blocks executed 100%
       60: 1257:int discardCard(int handPos, int currentPlayer, struct gameState *state, int trashFlag)
        -: 1258:{
        -: 1259:	
        -: 1260:  //if card is not trashed, added to Played pile 
       60: 1261:  if (trashFlag < 1)
branch  0 taken 100% (fallthrough)
branch  1 taken 0%
        -: 1262:    {
        -: 1263:      //add card to played pile
       60: 1264:      state->playedCards[state->playedCardCount] = state->hand[currentPlayer][handPos]; 
       60: 1265:      state->playedCardCount++;
        -: 1266:    }
        -: 1267:	
        -: 1268:  //set played card to -1
       60: 1269:  state->hand[currentPlayer][handPos] = -1;
        -: 1270:	
        -: 1271:  //remove card from player's hand
       60: 1272:  if ( handPos == (state->handCount[currentPlayer] - 1) ) 	//last card in hand array is played
branch  0 taken 25% (fallthrough)
branch  1 taken 75%
        -: 1273:    {
        -: 1274:      //reduce number of cards in hand
       15: 1275:      state->handCount[currentPlayer]--;
        -: 1276:    }
       45: 1277:  else if ( state->handCount[currentPlayer] == 1 ) //only one card in hand
branch  0 taken 22% (fallthrough)
branch  1 taken 78%
        -: 1278:    {
        -: 1279:      //reduce number of cards in hand
       10: 1280:      state->handCount[currentPlayer]--;
        -: 1281:    }
        -: 1282:  else 	
        -: 1283:    {
        -: 1284:      //replace discarded card with last card in hand
       35: 1285:      state->hand[currentPlayer][handPos] = state->hand[currentPlayer][ (state->handCount[currentPlayer] - 1)];
        -: 1286:      //set last card to -1
       35: 1287:      state->hand[currentPlayer][state->handCount[currentPlayer] - 1] = -1;
        -: 1288:      //reduce number of cards in hand
       35: 1289:      state->handCount[currentPlayer]--;
        -: 1290:    }
        -: 1291:	
       60: 1292:  return 0;
        -: 1293:}
        -: 1294:
function gainCard called 10 returned 100% blocks executed 70%
       10: 1295:int gainCard(int supplyPos, struct gameState *state, int toFlag, int player)
        -: 1296:{
        -: 1297:  //Note: supplyPos is enum of choosen card
        -: 1298:	
        -: 1299:  //check if supply pile is empty (0) or card is not used in game (-1)
       10: 1300:  if ( supplyCount(supplyPos, state) < 1 )
call    0 returned 100%
branch  1 taken 0% (fallthrough)
branch  2 taken 100%
        -: 1301:    {
    #####: 1302:      return -1;
        -: 1303:    }
        -: 1304:	
        -: 1305:  //added card for [whoseTurn] current player:
        -: 1306:  // toFlag = 0 : add to discard
        -: 1307:  // toFlag = 1 : add to deck
        -: 1308:  // toFlag = 2 : add to hand
        -: 1309:
       10: 1310:  if (toFlag == 1)
branch  0 taken 0% (fallthrough)
branch  1 taken 100%
        -: 1311:    {
    #####: 1312:      state->deck[ player ][ state->deckCount[player] ] = supplyPos;
    #####: 1313:      state->deckCount[player]++;
        -: 1314:    }
       10: 1315:  else if (toFlag == 2)
branch  0 taken 0% (fallthrough)
branch  1 taken 100%
        -: 1316:    {
    #####: 1317:      state->hand[ player ][ state->handCount[player] ] = supplyPos;
    #####: 1318:      state->handCount[player]++;
        -: 1319:    }
        -: 1320:  else
        -: 1321:    {
       10: 1322:      state->discard[player][ state->discardCount[player] ] = supplyPos;
       10: 1323:      state->discardCount[player]++;
        -: 1324:    }
        -: 1325:	
        -: 1326:  //decrease number in supply pile
       10: 1327:  state->supplyCount[supplyPos]--;
        -: 1328:	 
       10: 1329:  return 0;
        -: 1330:}
        -: 1331:
function updateCoins called 580 returned 100% blocks executed 100%
      580: 1332:int updateCoins(int player, struct gameState *state, int bonus)
        -: 1333:{
        -: 1334:  int i;
        -: 1335:	
        -: 1336:  //reset coin count
      580: 1337:  state->coins = 0;
        -: 1338:
        -: 1339:  //add coins for each Treasure card in player's hand
     2820: 1340:  for (i = 0; i < state->handCount[player]; i++)
branch  0 taken 79%
branch  1 taken 21% (fallthrough)
        -: 1341:    {
     2240: 1342:      if (state->hand[player][i] == copper)
branch  0 taken 48% (fallthrough)
branch  1 taken 52%
        -: 1343:	{
     1080: 1344:	  state->coins += 1;
        -: 1345:	}
     1160: 1346:      else if (state->hand[player][i] == silver)
branch  0 taken 28% (fallthrough)
branch  1 taken 72%
        -: 1347:	{
      330: 1348:	  state->coins += 2;
        -: 1349:	}
      830: 1350:      else if (state->hand[player][i] == gold)
branch  0 taken 40% (fallthrough)
branch  1 taken 60%
        -: 1351:	{
      330: 1352:	  state->coins += 3;
        -: 1353:	}	
        -: 1354:    }	
        -: 1355:
        -: 1356:  //add bonus
      580: 1357:  state->coins += bonus;
        -: 1358:
      580: 1359:  return 0;
        -: 1360:}
        -: 1361:
        -: 1362:
        -: 1363://end of dominion.c
        -: 1364:
